Using pre-set license
Built from '2021.3/release' branch; Version is '2021.3.12f1 (8af3c3e441b1) revision 9106371'; Using compiler version '192829333'; Build Type 'Release'
OS: 'Windows 10  (10.0.19044) 64bit Professional' Language: 'es' Physical Memory: 16334 MB
BatchMode: 1, IsHumanControllingUs: 0, StartBugReporterOnCrash: 0, Is64bit: 1, IsPro: 1

COMMAND LINE ARGUMENTS:
C:\Program Files\Unity\Hub\Editor\2021.3.12f1\Editor\Unity.exe
-adb2
-batchMode
-noUpm
-name
AssetImportWorker2
-projectPath
C:/Users/sense/Plataformas-3D/platafromas3D
-logFile
Logs/AssetImportWorker2.log
-srvPort
63178
Successfully changed project path to: C:/Users/sense/Plataformas-3D/platafromas3D
C:/Users/sense/Plataformas-3D/platafromas3D
[UnityMemory] Configuration Parameters - Can be set up in boot.config
    "memorysetup-bucket-allocator-granularity=16"
    "memorysetup-bucket-allocator-bucket-count=8"
    "memorysetup-bucket-allocator-block-size=33554432"
    "memorysetup-bucket-allocator-block-count=8"
    "memorysetup-main-allocator-block-size=16777216"
    "memorysetup-thread-allocator-block-size=16777216"
    "memorysetup-gfx-main-allocator-block-size=16777216"
    "memorysetup-gfx-thread-allocator-block-size=16777216"
    "memorysetup-cache-allocator-block-size=4194304"
    "memorysetup-typetree-allocator-block-size=2097152"
    "memorysetup-profiler-bucket-allocator-granularity=16"
    "memorysetup-profiler-bucket-allocator-bucket-count=8"
    "memorysetup-profiler-bucket-allocator-block-size=33554432"
    "memorysetup-profiler-bucket-allocator-block-count=8"
    "memorysetup-profiler-allocator-block-size=16777216"
    "memorysetup-profiler-editor-allocator-block-size=1048576"
    "memorysetup-temp-allocator-size-main=16777216"
    "memorysetup-job-temp-allocator-block-size=2097152"
    "memorysetup-job-temp-allocator-block-size-background=1048576"
    "memorysetup-job-temp-allocator-reduction-small-platforms=262144"
    "memorysetup-temp-allocator-size-background-worker=32768"
    "memorysetup-temp-allocator-size-job-worker=262144"
    "memorysetup-temp-allocator-size-preload-manager=33554432"
    "memorysetup-temp-allocator-size-nav-mesh-worker=65536"
    "memorysetup-temp-allocator-size-audio-worker=65536"
    "memorysetup-temp-allocator-size-cloud-worker=32768"
    "memorysetup-temp-allocator-size-gi-baking-worker=262144"
    "memorysetup-temp-allocator-size-gfx=262144"
Refreshing native plugins compatible for Editor in 72.98 ms, found 3 plugins.
Preloading 0 native plugins for Editor in 0.00 ms.
Initialize engine version: 2021.3.12f1 (8af3c3e441b1)
[Subsystems] Discovering subsystems at path C:/Program Files/Unity/Hub/Editor/2021.3.12f1/Editor/Data/Resources/UnitySubsystems
[Subsystems] Discovering subsystems at path C:/Users/sense/Plataformas-3D/platafromas3D/Assets
GfxDevice: creating device client; threaded=0; jobified=0
Direct3D:
    Version:  Direct3D 11.0 [level 11.1]
    Renderer: NVIDIA GeForce RTX 2060 (ID=0x1f03)
    Vendor:   NVIDIA
    VRAM:     12087 MB
    Driver:   31.0.15.2225
Initialize mono
Mono path[0] = 'C:/Program Files/Unity/Hub/Editor/2021.3.12f1/Editor/Data/Managed'
Mono path[1] = 'C:/Program Files/Unity/Hub/Editor/2021.3.12f1/Editor/Data/MonoBleedingEdge/lib/mono/unityjit-win32'
Mono config path = 'C:/Program Files/Unity/Hub/Editor/2021.3.12f1/Editor/Data/MonoBleedingEdge/etc'
Using monoOptions --debugger-agent=transport=dt_socket,embedding=1,server=y,suspend=n,address=127.0.0.1:56160
Begin MonoManager ReloadAssembly
Registering precompiled unity dll's ...
Register platform support module: C:/Program Files/Unity/Hub/Editor/2021.3.12f1/Editor/Data/PlaybackEngines/WebGLSupport/UnityEditor.WebGL.Extensions.dll
Register platform support module: C:/Program Files/Unity/Hub/Editor/2021.3.12f1/Editor/Data/PlaybackEngines/WindowsStandaloneSupport/UnityEditor.WindowsStandalone.Extensions.dll
Registered in 0.007480 seconds.
Native extension for WindowsStandalone target not found
Native extension for WebGL target not found
Refreshing native plugins compatible for Editor in 79.40 ms, found 3 plugins.
Preloading 0 native plugins for Editor in 0.00 ms.
Mono: successfully reloaded assembly
- Completed reload, in  0.845 seconds
Domain Reload Profiling:
	ReloadAssembly (845ms)
		BeginReloadAssembly (74ms)
			ExecutionOrderSort (0ms)
			DisableScriptedObjects (0ms)
			BackupInstance (0ms)
			ReleaseScriptingObjects (0ms)
			CreateAndSetChildDomain (1ms)
		EndReloadAssembly (560ms)
			LoadAssemblies (72ms)
			RebuildTransferFunctionScriptingTraits (0ms)
			SetupTypeCache (227ms)
			ReleaseScriptCaches (0ms)
			RebuildScriptCaches (25ms)
			SetupLoadedEditorAssemblies (260ms)
				LogAssemblyErrors (0ms)
				InitializePlatformSupportModulesInManaged (8ms)
				SetLoadedEditorAssemblies (0ms)
				RefreshPlugins (80ms)
				BeforeProcessingInitializeOnLoad (1ms)
				ProcessInitializeOnLoadAttributes (125ms)
				ProcessInitializeOnLoadMethodAttributes (45ms)
				AfterProcessingInitializeOnLoad (0ms)
				EditorAssembliesLoaded (0ms)
			ExecutionOrderSort2 (0ms)
			AwakeInstancesAfterBackupRestoration (0ms)
Platform modules already initialized, skipping
Registering precompiled user dll's ...
Registered in 0.006422 seconds.
Begin MonoManager ReloadAssembly
Native extension for WindowsStandalone target not found
Native extension for WebGL target not found
Refreshing native plugins compatible for Editor in 0.66 ms, found 3 plugins.
Preloading 0 native plugins for Editor in 0.00 ms.
Mono: successfully reloaded assembly
- Completed reload, in  0.972 seconds
Domain Reload Profiling:
	ReloadAssembly (973ms)
		BeginReloadAssembly (101ms)
			ExecutionOrderSort (0ms)
			DisableScriptedObjects (6ms)
			BackupInstance (0ms)
			ReleaseScriptingObjects (0ms)
			CreateAndSetChildDomain (18ms)
		EndReloadAssembly (760ms)
			LoadAssemblies (75ms)
			RebuildTransferFunctionScriptingTraits (0ms)
			SetupTypeCache (235ms)
			ReleaseScriptCaches (1ms)
			RebuildScriptCaches (48ms)
			SetupLoadedEditorAssemblies (368ms)
				LogAssemblyErrors (0ms)
				InitializePlatformSupportModulesInManaged (7ms)
				SetLoadedEditorAssemblies (0ms)
				RefreshPlugins (1ms)
				BeforeProcessingInitializeOnLoad (86ms)
				ProcessInitializeOnLoadAttributes (242ms)
				ProcessInitializeOnLoadMethodAttributes (24ms)
				AfterProcessingInitializeOnLoad (8ms)
				EditorAssembliesLoaded (0ms)
			ExecutionOrderSort2 (0ms)
			AwakeInstancesAfterBackupRestoration (5ms)
Platform modules already initialized, skipping
========================================================================
Worker process is ready to serve import requests
Launched and connected shader compiler UnityShaderCompiler.exe after 0.07 seconds
Refreshing native plugins compatible for Editor in 0.62 ms, found 3 plugins.
Preloading 0 native plugins for Editor in 0.00 ms.
Unloading 3571 Unused Serialized files (Serialized files now loaded: 0)
Unloading 40 unused Assets / (129.4 KB). Loaded Objects now: 4033.
Memory consumption went from 125.1 MB to 124.9 MB.
Total: 2.849800 ms (FindLiveObjects: 0.302200 ms CreateObjectMapping: 0.100200 ms MarkObjects: 2.352400 ms  DeleteObjects: 0.094100 ms)

AssetImportParameters requested are different than current active one (requested -> active):
  custom:video-decoder-ogg-theora: a1e56fd34408186e4bbccfd4996cb3dc -> 
  custom:container-muxer-webm: aa71ff27fc2769a1b78a27578f13a17b -> 
  custom:container-demuxer-webm: 4f35f7cbe854078d1ac9338744f61a02 -> 
  custom:video-encoder-webm-vp8: eb34c28f22e8b96e1ab97ce403110664 -> 
  custom:audio-encoder-webm-vorbis: bf7c407c2cedff20999df2af8eb42d56 -> 
  custom:framework-win-MediaFoundation: 216162199b28c13a410421893ffa2e32 -> 
  custom:container-demuxer-ogg: 62fdf1f143b41e24485cea50d1cbac27 -> 
  custom:video-decoder-webm-vp8: 9c59270c3fd7afecdb556c50c9e8de78 -> 
  custom:audio-decoder-ogg-vorbis: bf7c407c2cedff20999df2af8eb42d56 -> 
========================================================================
Received Import Request.
  Time since last request: 102430.784700 seconds.
  path: Assets/Character/Ch14_nonPBR.fbx
  artifactKey: Guid(900a07fa05e7ffb46ac588376d2d0dd5) Importer(815301076,1909f56bfc062723c751e8b465ee728b)
Start importing Assets/Character/Ch14_nonPBR.fbx using Guid(900a07fa05e7ffb46ac588376d2d0dd5) Importer(815301076,1909f56bfc062723c751e8b465ee728b)  -> (artifact id: '1e2469148230ec67e236f6c409769ff7') in 0.160103 seconds 
========================================================================
Received Import Request.
  Time since last request: 1.618895 seconds.
  path: Assets/Character/Materials
  artifactKey: Guid(ee79836b9d110ee41bcd7cc684544c6b) Importer(815301076,1909f56bfc062723c751e8b465ee728b)
Start importing Assets/Character/Materials using Guid(ee79836b9d110ee41bcd7cc684544c6b) Importer(815301076,1909f56bfc062723c751e8b465ee728b)  -> (artifact id: '372872b445bf2aa500f6a28d4fc3bc3b') in 0.001783 seconds 
========================================================================
Received Import Request.
  Time since last request: 0.048338 seconds.
  path: Assets/Character/Materials/textures_c.mat
  artifactKey: Guid(f08b1be4c4a45f04f82a90879d361392) Importer(815301076,1909f56bfc062723c751e8b465ee728b)
Start importing Assets/Character/Materials/textures_c.mat using Guid(f08b1be4c4a45f04f82a90879d361392) Importer(815301076,1909f56bfc062723c751e8b465ee728b)  -> (artifact id: 'd6b9ad87c1d871db2fe882e3d2a3a40c') in 0.025669 seconds 
========================================================================
Received Import Request.
  Time since last request: 1.906208 seconds.
  path: Assets/Demigiant/DOTween
  artifactKey: Guid(64090330076e613488661be8375f8d92) Importer(815301076,1909f56bfc062723c751e8b465ee728b)
Start importing Assets/Demigiant/DOTween using Guid(64090330076e613488661be8375f8d92) Importer(815301076,1909f56bfc062723c751e8b465ee728b)  -> (artifact id: '1441ba9ff2724e41fac883438898ceca') in 0.007023 seconds 
========================================================================
Received Import Request.
  Time since last request: 1.019155 seconds.
  path: Assets/Demigiant/DOTween/Modules
  artifactKey: Guid(10f39e28243bb694fa5d248f4cb4dbc2) Importer(815301076,1909f56bfc062723c751e8b465ee728b)
Start importing Assets/Demigiant/DOTween/Modules using Guid(10f39e28243bb694fa5d248f4cb4dbc2) Importer(815301076,1909f56bfc062723c751e8b465ee728b)  -> (artifact id: 'f641c944dd43628a5b187f3ce4373a7b') in 0.006106 seconds 
========================================================================
Received Import Request.
  Time since last request: 0.872146 seconds.
  path: Assets/Demigiant/DOTween/Modules/DOTweenModulePhysics.cs
  artifactKey: Guid(dae9aa560b4242648a3affa2bfabc365) Importer(815301076,1909f56bfc062723c751e8b465ee728b)
Start importing Assets/Demigiant/DOTween/Modules/DOTweenModulePhysics.cs using Guid(dae9aa560b4242648a3affa2bfabc365) Importer(815301076,1909f56bfc062723c751e8b465ee728b)  -> (artifact id: '7b835647641cec6763ee48c6f9414674') in 0.008571 seconds 
========================================================================
Received Import Request.
  Time since last request: 0.507085 seconds.
  path: Assets/Demigiant/DOTween/Modules/DOTweenModulePhysics2D.cs
  artifactKey: Guid(230fe34542e175245ba74b4659dae700) Importer(815301076,1909f56bfc062723c751e8b465ee728b)
Start importing Assets/Demigiant/DOTween/Modules/DOTweenModulePhysics2D.cs using Guid(230fe34542e175245ba74b4659dae700) Importer(815301076,1909f56bfc062723c751e8b465ee728b)  -> (artifact id: '7a4f608a0110ad3536b9fc4459cb4fc5') in 0.006228 seconds 
========================================================================
Received Import Request.
  Time since last request: 0.406680 seconds.
  path: Assets/Demigiant/DOTween/Modules/DOTweenModuleSprite.cs
  artifactKey: Guid(188918ab119d93148aa0de59ccf5286b) Importer(815301076,1909f56bfc062723c751e8b465ee728b)
Start importing Assets/Demigiant/DOTween/Modules/DOTweenModuleSprite.cs using Guid(188918ab119d93148aa0de59ccf5286b) Importer(815301076,1909f56bfc062723c751e8b465ee728b)  -> (artifact id: '5a9bb9a7b70f8e709c948c66a1b0b548') in 0.005546 seconds 
========================================================================
Received Import Request.
  Time since last request: 0.248443 seconds.
  path: Assets/Demigiant/DOTween/Modules/DOTweenModuleUI.cs
  artifactKey: Guid(a060394c03331a64392db53a10e7f2d1) Importer(815301076,1909f56bfc062723c751e8b465ee728b)
Start importing Assets/Demigiant/DOTween/Modules/DOTweenModuleUI.cs using Guid(a060394c03331a64392db53a10e7f2d1) Importer(815301076,1909f56bfc062723c751e8b465ee728b)  -> (artifact id: '9a11687400c5de3b5a054fa3c809ebe6') in 0.005759 seconds 
========================================================================
Received Import Request.
  Time since last request: 0.236899 seconds.
  path: Assets/Demigiant/DOTween/Modules/DOTweenModuleUnityVersion.cs
  artifactKey: Guid(63c02322328255542995bd02b47b0457) Importer(815301076,1909f56bfc062723c751e8b465ee728b)
Start importing Assets/Demigiant/DOTween/Modules/DOTweenModuleUnityVersion.cs using Guid(63c02322328255542995bd02b47b0457) Importer(815301076,1909f56bfc062723c751e8b465ee728b)  -> (artifact id: '745a40e9a13b97852c90a33b6555528a') in 0.005791 seconds 
========================================================================
Received Import Request.
  Time since last request: 0.420728 seconds.
  path: Assets/Demigiant/DOTween/Modules/DOTweenModuleUtils.cs
  artifactKey: Guid(7bcaf917d9cf5b84090421a5a2abe42e) Importer(815301076,1909f56bfc062723c751e8b465ee728b)
Start importing Assets/Demigiant/DOTween/Modules/DOTweenModuleUtils.cs using Guid(7bcaf917d9cf5b84090421a5a2abe42e) Importer(815301076,1909f56bfc062723c751e8b465ee728b)  -> (artifact id: '662b749a19beccb9b7b4b713079b6cc7') in 0.005681 seconds 
========================================================================
Received Import Request.
  Time since last request: 3.142028 seconds.
  path: Assets/Demigiant/DOTween/Editor/DOTweenEditor.dll
  artifactKey: Guid(45d5034162d6cf04dbe46da84fc7d074) Importer(815301076,1909f56bfc062723c751e8b465ee728b)
Start importing Assets/Demigiant/DOTween/Editor/DOTweenEditor.dll using Guid(45d5034162d6cf04dbe46da84fc7d074) Importer(815301076,1909f56bfc062723c751e8b465ee728b)  -> (artifact id: '61f0b3d084d4d1f12dd4f78243340151') in 0.011128 seconds 
========================================================================
Received Import Request.
  Time since last request: 4.210508 seconds.
  path: Assets/Demigiant/DOTween/Modules/DOTweenModuleAudio.cs
  artifactKey: Guid(b766d08851589514b97afb23c6f30a70) Importer(815301076,1909f56bfc062723c751e8b465ee728b)
Start importing Assets/Demigiant/DOTween/Modules/DOTweenModuleAudio.cs using Guid(b766d08851589514b97afb23c6f30a70) Importer(815301076,1909f56bfc062723c751e8b465ee728b)  -> (artifact id: '0c90986746f0757e6b2ec539b936d5c8') in 0.006768 seconds 
========================================================================
Received Import Request.
  Time since last request: 7.253822 seconds.
  path: Assets/Demigiant
  artifactKey: Guid(8ef0b0677cbbc2f47b13e43e15990ba9) Importer(815301076,1909f56bfc062723c751e8b465ee728b)
Start importing Assets/Demigiant using Guid(8ef0b0677cbbc2f47b13e43e15990ba9) Importer(815301076,1909f56bfc062723c751e8b465ee728b)  -> (artifact id: '68baa774864e4d7f0ee3ee163359af86') in 0.006301 seconds 
========================================================================
Received Import Request.
  Time since last request: 351.377843 seconds.
  path: Assets/MarioThrowingCap.cs
  artifactKey: Guid(fe3b17d635fb7fc42b3bb9cc9c86b7af) Importer(815301076,1909f56bfc062723c751e8b465ee728b)
Start importing Assets/MarioThrowingCap.cs using Guid(fe3b17d635fb7fc42b3bb9cc9c86b7af) Importer(815301076,1909f56bfc062723c751e8b465ee728b)  -> (artifact id: '46ad3ea727d368ab94a97f39822b6460') in 0.005957 seconds 
========================================================================
Received Import Request.
  Time since last request: 189.975114 seconds.
  path: Assets/Scripts/Player
  artifactKey: Guid(bc21710ed672d054ebf758d0c4c5a3ff) Importer(815301076,1909f56bfc062723c751e8b465ee728b)
Start importing Assets/Scripts/Player using Guid(bc21710ed672d054ebf758d0c4c5a3ff) Importer(815301076,1909f56bfc062723c751e8b465ee728b)  -> (artifact id: '2b4d670bd859c15320a68f58ebe956a1') in 0.006432 seconds 
========================================================================
Received Import Request.
  Time since last request: 5.922906 seconds.
  path: Assets/Scripts/Player/P_cappy.cs
  artifactKey: Guid(faf70f8580e9a944584a5fef1cd0ddc4) Importer(815301076,1909f56bfc062723c751e8b465ee728b)
Start importing Assets/Scripts/Player/P_cappy.cs using Guid(faf70f8580e9a944584a5fef1cd0ddc4) Importer(815301076,1909f56bfc062723c751e8b465ee728b)  -> (artifact id: 'f3aeda2a2fa71334e7aaaaccc0c530cc') in 0.005685 seconds 
========================================================================
Received Import Request.
  Time since last request: 17.253042 seconds.
  path: Assets/Scripts/Player/P_cappy.cs
  artifactKey: Guid(faf70f8580e9a944584a5fef1cd0ddc4) Importer(815301076,1909f56bfc062723c751e8b465ee728b)
Start importing Assets/Scripts/Player/P_cappy.cs using Guid(faf70f8580e9a944584a5fef1cd0ddc4) Importer(815301076,1909f56bfc062723c751e8b465ee728b)  -> (artifact id: '08f9f90a84153619deba50a792816933') in 0.002250 seconds 
========================================================================
Received Import Request.
  Time since last request: 4.506158 seconds.
  path: Assets/Scripts/Player/P_cappy.cs
  artifactKey: Guid(faf70f8580e9a944584a5fef1cd0ddc4) Importer(815301076,1909f56bfc062723c751e8b465ee728b)
Start importing Assets/Scripts/Player/P_cappy.cs using Guid(faf70f8580e9a944584a5fef1cd0ddc4) Importer(815301076,1909f56bfc062723c751e8b465ee728b)  -> (artifact id: '724f8d946dfd748ca2eb3b43c3d2be59') in 0.002063 seconds 
========================================================================
Received Import Request.
  Time since last request: 40.327921 seconds.
  path: Assets/Scripts/Player/P_cappy.cs
  artifactKey: Guid(faf70f8580e9a944584a5fef1cd0ddc4) Importer(815301076,1909f56bfc062723c751e8b465ee728b)
Start importing Assets/Scripts/Player/P_cappy.cs using Guid(faf70f8580e9a944584a5fef1cd0ddc4) Importer(815301076,1909f56bfc062723c751e8b465ee728b)  -> (artifact id: '74dd18daecb296649712c104c02a6d70') in 0.002419 seconds 
========================================================================
Received Import Request.
  Time since last request: 4.893640 seconds.
  path: Assets/Scripts/Player/P_cappy.cs
  artifactKey: Guid(faf70f8580e9a944584a5fef1cd0ddc4) Importer(815301076,1909f56bfc062723c751e8b465ee728b)
Start importing Assets/Scripts/Player/P_cappy.cs using Guid(faf70f8580e9a944584a5fef1cd0ddc4) Importer(815301076,1909f56bfc062723c751e8b465ee728b)  -> (artifact id: '031969fdddd6a02815ef4eb3b7498487') in 0.002151 seconds 
========================================================================
Received Import Request.
  Time since last request: 3.283428 seconds.
  path: Assets/Scripts/Player/P_cappy.cs
  artifactKey: Guid(faf70f8580e9a944584a5fef1cd0ddc4) Importer(815301076,1909f56bfc062723c751e8b465ee728b)
Start importing Assets/Scripts/Player/P_cappy.cs using Guid(faf70f8580e9a944584a5fef1cd0ddc4) Importer(815301076,1909f56bfc062723c751e8b465ee728b)  -> (artifact id: '811438d4c86202c895c7fc7db2c5545b') in 0.002428 seconds 
========================================================================
Received Import Request.
  Time since last request: 2.699955 seconds.
  path: Assets/Scripts/Player/P_cappy.cs
  artifactKey: Guid(faf70f8580e9a944584a5fef1cd0ddc4) Importer(815301076,1909f56bfc062723c751e8b465ee728b)
Start importing Assets/Scripts/Player/P_cappy.cs using Guid(faf70f8580e9a944584a5fef1cd0ddc4) Importer(815301076,1909f56bfc062723c751e8b465ee728b)  -> (artifact id: 'ddfc7b80dd093e320697fd645fa65fda') in 0.002049 seconds 
========================================================================
Received Prepare
Registering precompiled user dll's ...
Registered in 0.007278 seconds.
Begin MonoManager ReloadAssembly
Native extension for WindowsStandalone target not found
Native extension for WebGL target not found
Refreshing native plugins compatible for Editor in 3.75 ms, found 3 plugins.
Preloading 0 native plugins for Editor in 0.00 ms.
Mono: successfully reloaded assembly
- Completed reload, in  1.055 seconds
Domain Reload Profiling:
	ReloadAssembly (1056ms)
		BeginReloadAssembly (144ms)
			ExecutionOrderSort (0ms)
			DisableScriptedObjects (5ms)
			BackupInstance (0ms)
			ReleaseScriptingObjects (0ms)
			CreateAndSetChildDomain (39ms)
		EndReloadAssembly (792ms)
			LoadAssemblies (91ms)
			RebuildTransferFunctionScriptingTraits (0ms)
			SetupTypeCache (283ms)
			ReleaseScriptCaches (1ms)
			RebuildScriptCaches (42ms)
			SetupLoadedEditorAssemblies (346ms)
				LogAssemblyErrors (0ms)
				InitializePlatformSupportModulesInManaged (14ms)
				SetLoadedEditorAssemblies (1ms)
				RefreshPlugins (4ms)
				BeforeProcessingInitializeOnLoad (68ms)
				ProcessInitializeOnLoadAttributes (225ms)
				ProcessInitializeOnLoadMethodAttributes (26ms)
				AfterProcessingInitializeOnLoad (8ms)
				EditorAssembliesLoaded (0ms)
			ExecutionOrderSort2 (0ms)
			AwakeInstancesAfterBackupRestoration (6ms)
Platform modules already initialized, skipping
Refreshing native plugins compatible for Editor in 2.00 ms, found 3 plugins.
Preloading 0 native plugins for Editor in 0.00 ms.
Unloading 3542 Unused Serialized files (Serialized files now loaded: 0)
Unloading 29 unused Assets / (95.3 KB). Loaded Objects now: 4084.
Memory consumption went from 140.6 MB to 140.5 MB.
Total: 3.135600 ms (FindLiveObjects: 0.444900 ms CreateObjectMapping: 0.086700 ms MarkObjects: 2.561800 ms  DeleteObjects: 0.041300 ms)

AssetImportParameters requested are different than current active one (requested -> active):
  custom:video-decoder-ogg-theora: a1e56fd34408186e4bbccfd4996cb3dc -> 
  custom:container-muxer-webm: aa71ff27fc2769a1b78a27578f13a17b -> 
  custom:container-demuxer-webm: 4f35f7cbe854078d1ac9338744f61a02 -> 
  custom:video-encoder-webm-vp8: eb34c28f22e8b96e1ab97ce403110664 -> 
  custom:audio-encoder-webm-vorbis: bf7c407c2cedff20999df2af8eb42d56 -> 
  custom:framework-win-MediaFoundation: 216162199b28c13a410421893ffa2e32 -> 
  custom:container-demuxer-ogg: 62fdf1f143b41e24485cea50d1cbac27 -> 
  custom:video-decoder-webm-vp8: 9c59270c3fd7afecdb556c50c9e8de78 -> 
  custom:audio-decoder-ogg-vorbis: bf7c407c2cedff20999df2af8eb42d56 -> 
========================================================================
Received Import Request.
  Time since last request: 318.264054 seconds.
  path: Assets
  artifactKey: Guid(00000000000000001000000000000000) Importer(815301076,1909f56bfc062723c751e8b465ee728b)
Start importing Assets using Guid(00000000000000001000000000000000) Importer(815301076,1909f56bfc062723c751e8b465ee728b)  -> (artifact id: '79842766b460edbeab6a34051e857a80') in 0.011947 seconds 
========================================================================
Received Import Request.
  Time since last request: 3.231452 seconds.
  path: Assets/asd
  artifactKey: Guid(155a065f2d875b841a18e9585dabf9e1) Importer(815301076,1909f56bfc062723c751e8b465ee728b)
Start importing Assets/asd using Guid(155a065f2d875b841a18e9585dabf9e1) Importer(815301076,1909f56bfc062723c751e8b465ee728b)  -> (artifact id: '4732016fccaefd2a0d93f883f3ab7857') in 0.005838 seconds 
========================================================================
Received Prepare
Registering precompiled user dll's ...
Registered in 0.009322 seconds.
Begin MonoManager ReloadAssembly
Native extension for WindowsStandalone target not found
Native extension for WebGL target not found
Refreshing native plugins compatible for Editor in 1.06 ms, found 3 plugins.
Preloading 0 native plugins for Editor in 0.00 ms.
Mono: successfully reloaded assembly
- Completed reload, in  1.125 seconds
Domain Reload Profiling:
	ReloadAssembly (1126ms)
		BeginReloadAssembly (138ms)
			ExecutionOrderSort (0ms)
			DisableScriptedObjects (5ms)
			BackupInstance (0ms)
			ReleaseScriptingObjects (0ms)
			CreateAndSetChildDomain (35ms)
		EndReloadAssembly (871ms)
			LoadAssemblies (91ms)
			RebuildTransferFunctionScriptingTraits (0ms)
			SetupTypeCache (307ms)
			ReleaseScriptCaches (2ms)
			RebuildScriptCaches (56ms)
			SetupLoadedEditorAssemblies (361ms)
				LogAssemblyErrors (0ms)
				InitializePlatformSupportModulesInManaged (14ms)
				SetLoadedEditorAssemblies (1ms)
				RefreshPlugins (1ms)
				BeforeProcessingInitializeOnLoad (69ms)
				ProcessInitializeOnLoadAttributes (239ms)
				ProcessInitializeOnLoadMethodAttributes (28ms)
				AfterProcessingInitializeOnLoad (9ms)
				EditorAssembliesLoaded (0ms)
			ExecutionOrderSort2 (0ms)
			AwakeInstancesAfterBackupRestoration (5ms)
Platform modules already initialized, skipping
Refreshing native plugins compatible for Editor in 2.03 ms, found 3 plugins.
Preloading 0 native plugins for Editor in 0.00 ms.
Unloading 3552 Unused Serialized files (Serialized files now loaded: 0)
Unloading 21 unused Assets / (95.5 KB). Loaded Objects now: 4109.
Memory consumption went from 140.8 MB to 140.8 MB.
Total: 2.812000 ms (FindLiveObjects: 0.303800 ms CreateObjectMapping: 0.079400 ms MarkObjects: 2.385900 ms  DeleteObjects: 0.041800 ms)

AssetImportParameters requested are different than current active one (requested -> active):
  custom:video-decoder-ogg-theora: a1e56fd34408186e4bbccfd4996cb3dc -> 
  custom:container-muxer-webm: aa71ff27fc2769a1b78a27578f13a17b -> 
  custom:container-demuxer-webm: 4f35f7cbe854078d1ac9338744f61a02 -> 
  custom:video-encoder-webm-vp8: eb34c28f22e8b96e1ab97ce403110664 -> 
  custom:audio-encoder-webm-vorbis: bf7c407c2cedff20999df2af8eb42d56 -> 
  custom:framework-win-MediaFoundation: 216162199b28c13a410421893ffa2e32 -> 
  custom:container-demuxer-ogg: 62fdf1f143b41e24485cea50d1cbac27 -> 
  custom:video-decoder-webm-vp8: 9c59270c3fd7afecdb556c50c9e8de78 -> 
  custom:audio-decoder-ogg-vorbis: bf7c407c2cedff20999df2af8eb42d56 -> 
========================================================================
Received Import Request.
  Time since last request: 41.686879 seconds.
  path: Assets/3D/MarioWorld/textures
  artifactKey: Guid(24f6886d6cb248849b477e9ddcfdd24e) Importer(815301076,1909f56bfc062723c751e8b465ee728b)
Start importing Assets/3D/MarioWorld/textures using Guid(24f6886d6cb248849b477e9ddcfdd24e) Importer(815301076,1909f56bfc062723c751e8b465ee728b)  -> (artifact id: '80d763d666654e902ef855953c0039ef') in 0.008060 seconds 
========================================================================
Received Import Request.
  Time since last request: 0.049907 seconds.
  path: Assets/3D/MarioWorld/textures/isla_map.png
  artifactKey: Guid(64d822d4c77f72e4aaa380dae04355d1) Importer(815301076,1909f56bfc062723c751e8b465ee728b)
Start importing Assets/3D/MarioWorld/textures/isla_map.png using Guid(64d822d4c77f72e4aaa380dae04355d1) Importer(815301076,1909f56bfc062723c751e8b465ee728b)  -> (artifact id: 'a5ff707e63ece0a45a568a8cadc22565') in 0.045851 seconds 
========================================================================
Received Prepare
Registering precompiled user dll's ...
Registered in 0.007231 seconds.
Begin MonoManager ReloadAssembly
Native extension for WindowsStandalone target not found
Native extension for WebGL target not found
Refreshing native plugins compatible for Editor in 0.87 ms, found 3 plugins.
Preloading 0 native plugins for Editor in 0.00 ms.
Mono: successfully reloaded assembly
- Completed reload, in  1.209 seconds
Domain Reload Profiling:
	ReloadAssembly (1209ms)
		BeginReloadAssembly (148ms)
			ExecutionOrderSort (0ms)
			DisableScriptedObjects (5ms)
			BackupInstance (0ms)
			ReleaseScriptingObjects (0ms)
			CreateAndSetChildDomain (43ms)
		EndReloadAssembly (942ms)
			LoadAssemblies (91ms)
			RebuildTransferFunctionScriptingTraits (0ms)
			SetupTypeCache (332ms)
			ReleaseScriptCaches (2ms)
			RebuildScriptCaches (53ms)
			SetupLoadedEditorAssemblies (417ms)
				LogAssemblyErrors (0ms)
				InitializePlatformSupportModulesInManaged (18ms)
				SetLoadedEditorAssemblies (0ms)
				RefreshPlugins (1ms)
				BeforeProcessingInitializeOnLoad (79ms)
				ProcessInitializeOnLoadAttributes (271ms)
				ProcessInitializeOnLoadMethodAttributes (36ms)
				AfterProcessingInitializeOnLoad (12ms)
				EditorAssembliesLoaded (0ms)
			ExecutionOrderSort2 (0ms)
			AwakeInstancesAfterBackupRestoration (7ms)
Platform modules already initialized, skipping
Refreshing native plugins compatible for Editor in 2.21 ms, found 3 plugins.
Preloading 0 native plugins for Editor in 0.00 ms.
Unloading 3552 Unused Serialized files (Serialized files now loaded: 0)
Unloading 21 unused Assets / (95.6 KB). Loaded Objects now: 4125.
Memory consumption went from 140.9 MB to 140.8 MB.
Total: 3.319100 ms (FindLiveObjects: 0.455900 ms CreateObjectMapping: 0.088600 ms MarkObjects: 2.728800 ms  DeleteObjects: 0.045000 ms)

AssetImportParameters requested are different than current active one (requested -> active):
  custom:video-decoder-ogg-theora: a1e56fd34408186e4bbccfd4996cb3dc -> 
  custom:container-muxer-webm: aa71ff27fc2769a1b78a27578f13a17b -> 
  custom:container-demuxer-webm: 4f35f7cbe854078d1ac9338744f61a02 -> 
  custom:video-encoder-webm-vp8: eb34c28f22e8b96e1ab97ce403110664 -> 
  custom:audio-encoder-webm-vorbis: bf7c407c2cedff20999df2af8eb42d56 -> 
  custom:framework-win-MediaFoundation: 216162199b28c13a410421893ffa2e32 -> 
  custom:container-demuxer-ogg: 62fdf1f143b41e24485cea50d1cbac27 -> 
  custom:video-decoder-webm-vp8: 9c59270c3fd7afecdb556c50c9e8de78 -> 
  custom:audio-decoder-ogg-vorbis: bf7c407c2cedff20999df2af8eb42d56 -> 
========================================================================
Received Prepare
Registering precompiled user dll's ...
Registered in 0.008619 seconds.
Begin MonoManager ReloadAssembly
Native extension for WindowsStandalone target not found
Native extension for WebGL target not found
Refreshing native plugins compatible for Editor in 0.82 ms, found 3 plugins.
Preloading 0 native plugins for Editor in 0.00 ms.
Mono: successfully reloaded assembly
- Completed reload, in  1.248 seconds
Domain Reload Profiling:
	ReloadAssembly (1248ms)
		BeginReloadAssembly (158ms)
			ExecutionOrderSort (0ms)
			DisableScriptedObjects (5ms)
			BackupInstance (0ms)
			ReleaseScriptingObjects (0ms)
			CreateAndSetChildDomain (40ms)
		EndReloadAssembly (962ms)
			LoadAssemblies (99ms)
			RebuildTransferFunctionScriptingTraits (0ms)
			SetupTypeCache (328ms)
			ReleaseScriptCaches (2ms)
			RebuildScriptCaches (54ms)
			SetupLoadedEditorAssemblies (435ms)
				LogAssemblyErrors (0ms)
				InitializePlatformSupportModulesInManaged (17ms)
				SetLoadedEditorAssemblies (1ms)
				RefreshPlugins (1ms)
				BeforeProcessingInitializeOnLoad (85ms)
				ProcessInitializeOnLoadAttributes (283ms)
				ProcessInitializeOnLoadMethodAttributes (36ms)
				AfterProcessingInitializeOnLoad (11ms)
				EditorAssembliesLoaded (0ms)
			ExecutionOrderSort2 (0ms)
			AwakeInstancesAfterBackupRestoration (7ms)
Platform modules already initialized, skipping
Refreshing native plugins compatible for Editor in 2.25 ms, found 3 plugins.
Preloading 0 native plugins for Editor in 0.00 ms.
Unloading 3552 Unused Serialized files (Serialized files now loaded: 0)
Unloading 21 unused Assets / (95.5 KB). Loaded Objects now: 4140.
Memory consumption went from 140.9 MB to 140.8 MB.
Total: 3.729900 ms (FindLiveObjects: 0.295500 ms CreateObjectMapping: 0.098500 ms MarkObjects: 3.293800 ms  DeleteObjects: 0.041500 ms)

AssetImportParameters requested are different than current active one (requested -> active):
  custom:video-decoder-ogg-theora: a1e56fd34408186e4bbccfd4996cb3dc -> 
  custom:container-muxer-webm: aa71ff27fc2769a1b78a27578f13a17b -> 
  custom:container-demuxer-webm: 4f35f7cbe854078d1ac9338744f61a02 -> 
  custom:video-encoder-webm-vp8: eb34c28f22e8b96e1ab97ce403110664 -> 
  custom:audio-encoder-webm-vorbis: bf7c407c2cedff20999df2af8eb42d56 -> 
  custom:framework-win-MediaFoundation: 216162199b28c13a410421893ffa2e32 -> 
  custom:container-demuxer-ogg: 62fdf1f143b41e24485cea50d1cbac27 -> 
  custom:video-decoder-webm-vp8: 9c59270c3fd7afecdb556c50c9e8de78 -> 
  custom:audio-decoder-ogg-vorbis: bf7c407c2cedff20999df2af8eb42d56 -> 
========================================================================
Received Prepare
Registering precompiled user dll's ...
Registered in 0.008101 seconds.
Begin MonoManager ReloadAssembly
Native extension for WindowsStandalone target not found
Native extension for WebGL target not found
Refreshing native plugins compatible for Editor in 0.88 ms, found 3 plugins.
Preloading 0 native plugins for Editor in 0.00 ms.
Mono: successfully reloaded assembly
- Completed reload, in  1.269 seconds
Domain Reload Profiling:
	ReloadAssembly (1270ms)
		BeginReloadAssembly (142ms)
			ExecutionOrderSort (0ms)
			DisableScriptedObjects (5ms)
			BackupInstance (0ms)
			ReleaseScriptingObjects (0ms)
			CreateAndSetChildDomain (35ms)
		EndReloadAssembly (1011ms)
			LoadAssemblies (96ms)
			RebuildTransferFunctionScriptingTraits (0ms)
			SetupTypeCache (359ms)
			ReleaseScriptCaches (2ms)
			RebuildScriptCaches (57ms)
			SetupLoadedEditorAssemblies (442ms)
				LogAssemblyErrors (0ms)
				InitializePlatformSupportModulesInManaged (18ms)
				SetLoadedEditorAssemblies (1ms)
				RefreshPlugins (1ms)
				BeforeProcessingInitializeOnLoad (91ms)
				ProcessInitializeOnLoadAttributes (277ms)
				ProcessInitializeOnLoadMethodAttributes (39ms)
				AfterProcessingInitializeOnLoad (16ms)
				EditorAssembliesLoaded (0ms)
			ExecutionOrderSort2 (0ms)
			AwakeInstancesAfterBackupRestoration (9ms)
Platform modules already initialized, skipping
Refreshing native plugins compatible for Editor in 2.62 ms, found 3 plugins.
Preloading 0 native plugins for Editor in 0.00 ms.
Unloading 3552 Unused Serialized files (Serialized files now loaded: 0)
Unloading 21 unused Assets / (95.5 KB). Loaded Objects now: 4155.
Memory consumption went from 140.9 MB to 140.8 MB.
Total: 3.092400 ms (FindLiveObjects: 0.366900 ms CreateObjectMapping: 0.084100 ms MarkObjects: 2.599900 ms  DeleteObjects: 0.040500 ms)

AssetImportParameters requested are different than current active one (requested -> active):
  custom:video-decoder-ogg-theora: a1e56fd34408186e4bbccfd4996cb3dc -> 
  custom:container-muxer-webm: aa71ff27fc2769a1b78a27578f13a17b -> 
  custom:container-demuxer-webm: 4f35f7cbe854078d1ac9338744f61a02 -> 
  custom:video-encoder-webm-vp8: eb34c28f22e8b96e1ab97ce403110664 -> 
  custom:audio-encoder-webm-vorbis: bf7c407c2cedff20999df2af8eb42d56 -> 
  custom:framework-win-MediaFoundation: 216162199b28c13a410421893ffa2e32 -> 
  custom:container-demuxer-ogg: 62fdf1f143b41e24485cea50d1cbac27 -> 
  custom:video-decoder-webm-vp8: 9c59270c3fd7afecdb556c50c9e8de78 -> 
  custom:audio-decoder-ogg-vorbis: bf7c407c2cedff20999df2af8eb42d56 -> 
========================================================================
Received Prepare
Registering precompiled user dll's ...
Registered in 0.007387 seconds.
Begin MonoManager ReloadAssembly
Native extension for WindowsStandalone target not found
Native extension for WebGL target not found
Refreshing native plugins compatible for Editor in 0.80 ms, found 3 plugins.
Preloading 0 native plugins for Editor in 0.00 ms.
Mono: successfully reloaded assembly
- Completed reload, in  1.240 seconds
Domain Reload Profiling:
	ReloadAssembly (1241ms)
		BeginReloadAssembly (142ms)
			ExecutionOrderSort (0ms)
			DisableScriptedObjects (5ms)
			BackupInstance (0ms)
			ReleaseScriptingObjects (0ms)
			CreateAndSetChildDomain (37ms)
		EndReloadAssembly (977ms)
			LoadAssemblies (94ms)
			RebuildTransferFunctionScriptingTraits (0ms)
			SetupTypeCache (326ms)
			ReleaseScriptCaches (2ms)
			RebuildScriptCaches (55ms)
			SetupLoadedEditorAssemblies (448ms)
				LogAssemblyErrors (0ms)
				InitializePlatformSupportModulesInManaged (18ms)
				SetLoadedEditorAssemblies (1ms)
				RefreshPlugins (1ms)
				BeforeProcessingInitializeOnLoad (83ms)
				ProcessInitializeOnLoadAttributes (298ms)
				ProcessInitializeOnLoadMethodAttributes (36ms)
				AfterProcessingInitializeOnLoad (11ms)
				EditorAssembliesLoaded (0ms)
			ExecutionOrderSort2 (0ms)
			AwakeInstancesAfterBackupRestoration (7ms)
Platform modules already initialized, skipping
Refreshing native plugins compatible for Editor in 2.90 ms, found 3 plugins.
Preloading 0 native plugins for Editor in 0.00 ms.
Unloading 3552 Unused Serialized files (Serialized files now loaded: 0)
Unloading 21 unused Assets / (95.5 KB). Loaded Objects now: 4170.
Memory consumption went from 140.9 MB to 140.8 MB.
Total: 3.565700 ms (FindLiveObjects: 0.417200 ms CreateObjectMapping: 0.128900 ms MarkObjects: 2.961200 ms  DeleteObjects: 0.057300 ms)

AssetImportParameters requested are different than current active one (requested -> active):
  custom:video-decoder-ogg-theora: a1e56fd34408186e4bbccfd4996cb3dc -> 
  custom:container-muxer-webm: aa71ff27fc2769a1b78a27578f13a17b -> 
  custom:container-demuxer-webm: 4f35f7cbe854078d1ac9338744f61a02 -> 
  custom:video-encoder-webm-vp8: eb34c28f22e8b96e1ab97ce403110664 -> 
  custom:audio-encoder-webm-vorbis: bf7c407c2cedff20999df2af8eb42d56 -> 
  custom:framework-win-MediaFoundation: 216162199b28c13a410421893ffa2e32 -> 
  custom:container-demuxer-ogg: 62fdf1f143b41e24485cea50d1cbac27 -> 
  custom:video-decoder-webm-vp8: 9c59270c3fd7afecdb556c50c9e8de78 -> 
  custom:audio-decoder-ogg-vorbis: bf7c407c2cedff20999df2af8eb42d56 -> 
========================================================================
Received Import Request.
  Time since last request: 1401.243896 seconds.
  path: Assets/3D/MarioWorld
  artifactKey: Guid(abf41e3c728bda8458517c85fed979a2) Importer(815301076,1909f56bfc062723c751e8b465ee728b)
Start importing Assets/3D/MarioWorld using Guid(abf41e3c728bda8458517c85fed979a2) Importer(815301076,1909f56bfc062723c751e8b465ee728b)  -> (artifact id: 'db60fae6da98a915c72994d7fab9dc10') in 0.011961 seconds 
========================================================================
Received Import Request.
  Time since last request: 0.324334 seconds.
  path: Assets/3D/MarioWorld/MarioWorld.prefab
  artifactKey: Guid(d77ffcb3e820e9843811eab5eee7dd88) Importer(815301076,1909f56bfc062723c751e8b465ee728b)
Start importing Assets/3D/MarioWorld/MarioWorld.prefab using Guid(d77ffcb3e820e9843811eab5eee7dd88) Importer(815301076,1909f56bfc062723c751e8b465ee728b)  -> (artifact id: 'c9d9648e85cd5cdd8661c8ec1c35ae38') in 0.075814 seconds 
========================================================================
Received Import Request.
  Time since last request: 6.847963 seconds.
  path: Assets/Character/Animations/Ch14_nonPBR@Crouched Walking.fbx
  artifactKey: Guid(7939c7f1cd53df546b54f907a373fd5f) Importer(815301076,1909f56bfc062723c751e8b465ee728b)
Start importing Assets/Character/Animations/Ch14_nonPBR@Crouched Walking.fbx using Guid(7939c7f1cd53df546b54f907a373fd5f) Importer(815301076,1909f56bfc062723c751e8b465ee728b)  -> (artifact id: '8d14d50e2559563e26dc4ab00fb7eff7') in 0.020733 seconds 
========================================================================
Received Import Request.
  Time since last request: 0.000030 seconds.
  path: Assets/Character/Animations/Ch14_nonPBR@Unarmed Walk Back.fbx
  artifactKey: Guid(4cedd971fbb8e7a4cb1b790b0994a81b) Importer(815301076,1909f56bfc062723c751e8b465ee728b)
Start importing Assets/Character/Animations/Ch14_nonPBR@Unarmed Walk Back.fbx using Guid(4cedd971fbb8e7a4cb1b790b0994a81b) Importer(815301076,1909f56bfc062723c751e8b465ee728b)  -> (artifact id: '1102d7e4d6a425f7b4bd6d0309ad75a9') in 0.018171 seconds 
========================================================================
Received Import Request.
  Time since last request: 0.000048 seconds.
  path: Assets/Character/Animations/Ch14_nonPBR@Jump.fbx
  artifactKey: Guid(332731431d3b5cf49910662de9ca0262) Importer(815301076,1909f56bfc062723c751e8b465ee728b)
Start importing Assets/Character/Animations/Ch14_nonPBR@Jump.fbx using Guid(332731431d3b5cf49910662de9ca0262) Importer(815301076,1909f56bfc062723c751e8b465ee728b)  -> (artifact id: '3d28a3c69b1db78d560d4d3453769c3c') in 0.018180 seconds 
========================================================================
Received Import Request.
  Time since last request: 0.000022 seconds.
  path: Assets/Character/Animations/Ch14_nonPBR@Sprint.fbx
  artifactKey: Guid(7c82a9e17e15f2d409c5e6d3227d4f21) Importer(815301076,1909f56bfc062723c751e8b465ee728b)
Start importing Assets/Character/Animations/Ch14_nonPBR@Sprint.fbx using Guid(7c82a9e17e15f2d409c5e6d3227d4f21) Importer(815301076,1909f56bfc062723c751e8b465ee728b)  -> (artifact id: 'fa0b3482fba3e623848450e804ccade0') in 0.019056 seconds 
Editor requested this worker to shutdown with reason: Scaling down because of idle timeout
AssetImportWorker is now disconnected from the server
Process exiting
Exiting without the bug reporter. Application will terminate with return code 0